2025-10-30 14:07:47,277 INFO main:19 - ============================================================
2025-10-30 14:07:47,277 INFO main:20 - Starting Crypto Trading Assistant
2025-10-30 14:07:47,278 INFO main:21 - Exchange: binance
2025-10-30 14:07:47,278 INFO main:22 - Symbols: ['BTC/USDT', 'ETH/USDT', 'BNB/USDT', 'SOL/USDT']
2025-10-30 14:07:47,278 INFO main:23 - Timeframe: 5m
2025-10-30 14:07:47,278 INFO main:24 - ============================================================
2025-10-30 14:07:48,060 WARNING send_message:36 - Telegram failed: 404 {"ok":false,"error_code":404,"description":"Not Found"}
2025-10-30 14:07:48,061 INFO main:48 - Waiting 134.9s until next candle close...
2025-10-30 14:10:05,017 INFO main:19 - Starting Crypto Trading Assistant
2025-10-30 14:10:05,017 INFO main:20 - Exchange: binance
2025-10-30 14:10:05,017 INFO main:21 - Symbols: ['BTC/USDT', 'ETH/USDT', 'BNB/USDT', 'SOL/USDT']
2025-10-30 14:10:05,017 INFO main:22 - Timeframe: 5m
2025-10-30 14:10:05,017 INFO main:23 - ============================================================
2025-10-30 14:10:05,926 INFO send_message:33 - Telegram message sent successfully
2025-10-30 14:10:05,928 INFO main:47 - Waiting 297.1s until next candle close...
2025-10-30 14:15:03,003 INFO check_symbol:116 - [CHECK] Scanning BTC/USDT...
2025-10-30 14:15:05,253 INFO check_symbol:149 - [NO SIGNAL] BTC/USDT — no active zone
2025-10-30 14:15:05,253 INFO check_symbol:116 - [CHECK] Scanning ETH/USDT...
2025-10-30 14:15:05,405 INFO check_symbol:149 - [NO SIGNAL] ETH/USDT — no active zone
2025-10-30 14:15:05,405 INFO check_symbol:116 - [CHECK] Scanning BNB/USDT...
2025-10-30 14:15:05,530 INFO check_symbol:149 - [NO SIGNAL] BNB/USDT — no active zone
2025-10-30 14:15:05,530 INFO check_symbol:116 - [CHECK] Scanning SOL/USDT...
2025-10-30 14:15:05,667 INFO check_symbol:149 - [NO SIGNAL] SOL/USDT — no active zone
2025-10-30 14:15:05,667 INFO main:63 - [LOOP DONE] Sleeping 57.3s before next check...

2025-10-30 14:16:03,007 INFO check_symbol:116 - [CHECK] Scanning BTC/USDT...
2025-10-30 14:16:03,172 INFO check_symbol:149 - [NO SIGNAL] BTC/USDT — no active zone
2025-10-30 14:16:03,173 INFO check_symbol:116 - [CHECK] Scanning ETH/USDT...
2025-10-30 14:16:03,312 INFO check_symbol:149 - [NO SIGNAL] ETH/USDT — no active zone
2025-10-30 14:16:03,312 INFO check_symbol:116 - [CHECK] Scanning BNB/USDT...
2025-10-30 14:16:03,457 INFO check_symbol:149 - [NO SIGNAL] BNB/USDT — no active zone
2025-10-30 14:16:03,457 INFO check_symbol:116 - [CHECK] Scanning SOL/USDT...
2025-10-30 14:16:03,620 INFO check_symbol:149 - [NO SIGNAL] SOL/USDT — no active zone
2025-10-30 14:16:03,620 INFO main:63 - [LOOP DONE] Sleeping 59.4s before next check...

2025-10-30 14:17:03,011 INFO check_symbol:116 - [CHECK] Scanning BTC/USDT...
2025-10-30 14:17:03,379 INFO check_symbol:149 - [NO SIGNAL] BTC/USDT — no active zone
2025-10-30 14:17:03,379 INFO check_symbol:116 - [CHECK] Scanning ETH/USDT...
2025-10-30 14:17:03,538 INFO check_symbol:149 - [NO SIGNAL] ETH/USDT — no active zone
2025-10-30 14:17:03,538 INFO check_symbol:116 - [CHECK] Scanning BNB/USDT...
2025-10-30 14:17:03,681 INFO check_symbol:149 - [NO SIGNAL] BNB/USDT — no active zone
2025-10-30 14:17:03,681 INFO check_symbol:116 - [CHECK] Scanning SOL/USDT...
2025-10-30 14:17:03,832 INFO check_symbol:149 - [NO SIGNAL] SOL/USDT — no active zone
2025-10-30 14:17:03,833 INFO main:63 - [LOOP DONE] Sleeping 59.2s before next check...

2025-10-30 14:18:03,011 INFO check_symbol:116 - [CHECK] Scanning BTC/USDT...
2025-10-30 14:18:03,144 INFO check_symbol:149 - [NO SIGNAL] BTC/USDT — no active zone
2025-10-30 14:18:03,145 INFO check_symbol:116 - [CHECK] Scanning ETH/USDT...
2025-10-30 14:18:03,279 INFO check_symbol:149 - [NO SIGNAL] ETH/USDT — no active zone
2025-10-30 14:18:03,279 INFO check_symbol:116 - [CHECK] Scanning BNB/USDT...
2025-10-30 14:18:03,416 INFO check_symbol:149 - [NO SIGNAL] BNB/USDT — no active zone
2025-10-30 14:18:03,416 INFO check_symbol:116 - [CHECK] Scanning SOL/USDT...
2025-10-30 14:18:03,558 INFO check_symbol:149 - [NO SIGNAL] SOL/USDT — no active zone
2025-10-30 14:18:03,558 INFO main:63 - [LOOP DONE] Sleeping 59.5s before next check...

2025-10-30 14:19:03,016 INFO check_symbol:116 - [CHECK] Scanning BTC/USDT...
2025-10-30 14:19:03,174 INFO check_symbol:149 - [NO SIGNAL] BTC/USDT — no active zone
2025-10-30 14:19:03,175 INFO check_symbol:116 - [CHECK] Scanning ETH/USDT...
2025-10-30 14:19:03,305 INFO check_symbol:149 - [NO SIGNAL] ETH/USDT — no active zone
2025-10-30 14:19:03,305 INFO check_symbol:116 - [CHECK] Scanning BNB/USDT...
2025-10-30 14:19:03,450 INFO check_symbol:149 - [NO SIGNAL] BNB/USDT — no active zone
2025-10-30 14:19:03,450 INFO check_symbol:116 - [CHECK] Scanning SOL/USDT...
2025-10-30 14:19:03,583 INFO check_symbol:149 - [NO SIGNAL] SOL/USDT — no active zone
2025-10-30 14:19:03,583 INFO main:63 - [LOOP DONE] Sleeping 59.4s before next check...

2025-10-30 14:20:03,020 INFO check_symbol:116 - [CHECK] Scanning BTC/USDT...
2025-10-30 14:20:03,164 INFO check_symbol:149 - [NO SIGNAL] BTC/USDT — no active zone
2025-10-30 14:20:03,165 INFO check_symbol:116 - [CHECK] Scanning ETH/USDT...
2025-10-30 14:20:03,293 INFO check_symbol:149 - [NO SIGNAL] ETH/USDT — no active zone
2025-10-30 14:20:03,293 INFO check_symbol:116 - [CHECK] Scanning BNB/USDT...
2025-10-30 14:20:03,433 INFO check_symbol:149 - [NO SIGNAL] BNB/USDT — no active zone
2025-10-30 14:20:03,434 INFO check_symbol:116 - [CHECK] Scanning SOL/USDT...
2025-10-30 14:20:03,577 INFO check_symbol:149 - [NO SIGNAL] SOL/USDT — no active zone
2025-10-30 14:20:03,577 INFO main:63 - [LOOP DONE] Sleeping 59.4s before next check...

2025-10-30 14:21:03,024 INFO check_symbol:116 - [CHECK] Scanning BTC/USDT...
2025-10-30 14:21:03,165 INFO check_symbol:149 - [NO SIGNAL] BTC/USDT — no active zone
2025-10-30 14:21:03,165 INFO check_symbol:116 - [CHECK] Scanning ETH/USDT...
2025-10-30 14:21:03,293 INFO check_symbol:149 - [NO SIGNAL] ETH/USDT — no active zone
2025-10-30 14:21:03,294 INFO check_symbol:116 - [CHECK] Scanning BNB/USDT...
2025-10-30 14:21:03,426 INFO check_symbol:149 - [NO SIGNAL] BNB/USDT — no active zone
2025-10-30 14:21:03,426 INFO check_symbol:116 - [CHECK] Scanning SOL/USDT...
2025-10-30 14:21:03,544 INFO check_symbol:149 - [NO SIGNAL] SOL/USDT — no active zone
2025-10-30 14:21:03,544 INFO main:63 - [LOOP DONE] Sleeping 59.5s before next check...

2025-10-30 14:22:03,027 INFO check_symbol:116 - [CHECK] Scanning BTC/USDT...
2025-10-30 14:22:03,177 INFO check_symbol:149 - [NO SIGNAL] BTC/USDT — no active zone
2025-10-30 14:22:03,178 INFO check_symbol:116 - [CHECK] Scanning ETH/USDT...
2025-10-30 14:22:03,302 INFO check_symbol:149 - [NO SIGNAL] ETH/USDT — no active zone
2025-10-30 14:22:03,303 INFO check_symbol:116 - [CHECK] Scanning BNB/USDT...
2025-10-30 14:22:03,419 INFO check_symbol:149 - [NO SIGNAL] BNB/USDT — no active zone
2025-10-30 14:22:03,419 INFO check_symbol:116 - [CHECK] Scanning SOL/USDT...
2025-10-30 14:22:03,540 INFO check_symbol:149 - [NO SIGNAL] SOL/USDT — no active zone
2025-10-30 14:22:03,540 INFO main:63 - [LOOP DONE] Sleeping 59.5s before next check...

2025-10-30 14:23:03,031 INFO check_symbol:116 - [CHECK] Scanning BTC/USDT...
2025-10-30 14:23:03,192 INFO check_symbol:149 - [NO SIGNAL] BTC/USDT — no active zone
2025-10-30 14:23:03,192 INFO check_symbol:116 - [CHECK] Scanning ETH/USDT...
2025-10-30 14:23:03,336 INFO check_symbol:149 - [NO SIGNAL] ETH/USDT — no active zone
2025-10-30 14:23:03,337 INFO check_symbol:116 - [CHECK] Scanning BNB/USDT...
2025-10-30 14:23:03,472 INFO check_symbol:149 - [NO SIGNAL] BNB/USDT — no active zone
2025-10-30 14:23:03,472 INFO check_symbol:116 - [CHECK] Scanning SOL/USDT...
2025-10-30 14:23:03,600 INFO check_symbol:149 - [NO SIGNAL] SOL/USDT — no active zone
2025-10-30 14:23:03,601 INFO main:63 - [LOOP DONE] Sleeping 59.4s before next check...

2025-10-30 14:24:03,035 INFO check_symbol:116 - [CHECK] Scanning BTC/USDT...
2025-10-30 14:24:03,170 INFO check_symbol:149 - [NO SIGNAL] BTC/USDT — no active zone
2025-10-30 14:24:03,170 INFO check_symbol:116 - [CHECK] Scanning ETH/USDT...
2025-10-30 14:24:03,315 INFO check_symbol:149 - [NO SIGNAL] ETH/USDT — no active zone
2025-10-30 14:24:03,316 INFO check_symbol:116 - [CHECK] Scanning BNB/USDT...
2025-10-30 14:24:03,450 INFO check_symbol:149 - [NO SIGNAL] BNB/USDT — no active zone
2025-10-30 14:24:03,450 INFO check_symbol:116 - [CHECK] Scanning SOL/USDT...
2025-10-30 14:24:03,572 INFO check_symbol:149 - [NO SIGNAL] SOL/USDT — no active zone
2025-10-30 14:24:03,572 INFO main:63 - [LOOP DONE] Sleeping 59.5s before next check...

2025-10-30 14:24:48,475 INFO main:67 - Bot stopped by user
2025-10-30 14:24:55,544 INFO send_message:33 - Telegram message sent successfully
